<?xml version="1.0" encoding="UTF-8"?>
<!-- Generated by org.testng.reporters.JUnitXMLReporter -->
<testsuite ignored="0" hostname="LAPTOP-PBI5LLFB" failures="0" tests="6" name="Test" time="0.062" errors="0" timestamp="2025-12-11T09:54:51 IST">
  <testcase classname="testNG.DependsONMeethod" name="createAccount" time="0.007"/>
  <testcase classname="testNG.DependsONMeethod" name="deleteAccount" time="0.001"/>
  <testcase classname="testNG.DependsONMeethod" name="editAccount" time="0.001"/>
  <testcase classname="testNG.DependsONmethod2" name="hdfcAcc" time="0.001"/>
  <testcase classname="testNG.DependsONmethod2" name="hdfcdeleteAccount" time="0.003"/>
  <testcase classname="testNG.DependsONmethod2" name="hdfceditAccount" time="0.002"/>
</testsuite> <!-- Test -->
