<?xml version="1.0" encoding="UTF-8"?>
<!-- Generated by org.testng.reporters.JUnitXMLReporter -->
<testsuite ignored="0" hostname="LAPTOP-PBI5LLFB" failures="0" tests="3" name="Test4" time="0.068" errors="0" timestamp="2025-12-13T10:13:52 IST">
  <testcase classname="testNG.ConfigurationAnnotation" name="Test1" time="0.008"/>
  <testcase classname="testNG.ConfigurationAnnotation" name="Test2" time="0.001"/>
  <testcase classname="testNG.ConfigurationAnnotation" name="Test3" time="0.002"/>
</testsuite> <!-- Test4 -->
