<?xml version="1.0" encoding="UTF-8"?>
<testng-results ignored="0" total="2" passed="0" failed="2" skipped="0">
  <reporter-output>
    <line>
      <![CDATA[Connecting to DataBase 1]]>
    </line>
    <line>
      <![CDATA[Login 1]]>
    </line>
    <line>
      <![CDATA[Logout 1]]>
    </line>
    <line>
      <![CDATA[Login 1]]>
    </line>
    <line>
      <![CDATA[Logout 1]]>
    </line>
    <line>
      <![CDATA[close connectivity of DataBase 1]]>
    </line>
  </reporter-output>
  <suite started-at="2025-12-13T10:22:57 IST" name="SuiteReg" finished-at="2025-12-13T10:23:02 IST" duration-ms="4939">
    <groups>
    </groups>
    <test started-at="2025-12-13T10:22:57 IST" name="TestReg" finished-at="2025-12-13T10:23:02 IST" duration-ms="4939">
      <class name="testNG.RegAndLogin">
        <test-method is-config="true" signature="BeforeSuite1()[pri:0, instance:testNG.RegAndLogin@7dcf94f8]" started-at="2025-12-13T10:22:57 IST" name="BeforeSuite1" finished-at="2025-12-13T10:22:57 IST" duration-ms="8" status="PASS">
          <reporter-output>
            <line>
              <![CDATA[Connecting to DataBase 1]]>
            </line>
          </reporter-output>
        </test-method> <!-- BeforeSuite1 -->
        <test-method is-config="true" signature="BeforeClass1()[pri:0, instance:testNG.RegAndLogin@7dcf94f8]" started-at="2025-12-13T10:22:57 IST" name="BeforeClass1" finished-at="2025-12-13T10:23:02 IST" duration-ms="4754" status="PASS">
          <reporter-output>
          </reporter-output>
        </test-method> <!-- BeforeClass1 -->
        <test-method is-config="true" signature="BeforeMethod1()[pri:0, instance:testNG.RegAndLogin@7dcf94f8]" started-at="2025-12-13T10:23:02 IST" name="BeforeMethod1" finished-at="2025-12-13T10:23:02 IST" duration-ms="0" status="PASS">
          <reporter-output>
            <line>
              <![CDATA[Login 1]]>
            </line>
          </reporter-output>
        </test-method> <!-- BeforeMethod1 -->
        <test-method signature="register()[pri:0, instance:testNG.RegAndLogin@7dcf94f8]" started-at="2025-12-13T10:23:02 IST" name="register" finished-at="2025-12-13T10:23:02 IST" duration-ms="9" status="FAIL">
          <exception class="java.lang.NullPointerException">
            <message>
              <![CDATA[Cannot invoke "org.openqa.selenium.WebDriver.findElement(org.openqa.selenium.By)" because "this.driver" is null]]>
            </message>
            <full-stacktrace>
              <![CDATA[java.lang.NullPointerException: Cannot invoke "org.openqa.selenium.WebDriver.findElement(org.openqa.selenium.By)" because "this.driver" is null
at testNG.RegAndLogin.register(RegAndLogin.java:17)
at java.base/jdk.internal.reflect.DirectMethodHandleAccessor.invoke(DirectMethodHandleAccessor.java:103)
at java.base/java.lang.reflect.Method.invoke(Method.java:580)
at org.testng.internal.invokers.MethodInvocationHelper.invokeMethod(MethodInvocationHelper.java:141)
at org.testng.internal.invokers.TestInvoker.invokeMethod(TestInvoker.java:687)
at org.testng.internal.invokers.TestInvoker.invokeTestMethod(TestInvoker.java:230)
at org.testng.internal.invokers.MethodRunner.runInSequence(MethodRunner.java:63)
at org.testng.internal.invokers.TestInvoker$MethodInvocationAgent.invoke(TestInvoker.java:995)
at org.testng.internal.invokers.TestInvoker.invokeTestMethods(TestInvoker.java:203)
at org.testng.internal.invokers.TestMethodWorker.invokeTestMethods(TestMethodWorker.java:154)
at org.testng.internal.invokers.TestMethodWorker.run(TestMethodWorker.java:134)
at java.base/java.util.ArrayList.forEach(ArrayList.java:1596)
at org.testng.TestRunner.privateRun(TestRunner.java:741)
at org.testng.TestRunner.run(TestRunner.java:616)
at org.testng.SuiteRunner.runTest(SuiteRunner.java:421)
at org.testng.SuiteRunner.runSequentially(SuiteRunner.java:413)
at org.testng.SuiteRunner.privateRun(SuiteRunner.java:373)
at org.testng.SuiteRunner.run(SuiteRunner.java:312)
at org.testng.SuiteRunnerWorker.runSuite(SuiteRunnerWorker.java:52)
at org.testng.SuiteRunnerWorker.run(SuiteRunnerWorker.java:95)
at org.testng.TestNG.runSuitesSequentially(TestNG.java:1274)
at org.testng.TestNG.runSuitesLocally(TestNG.java:1208)
at org.testng.TestNG.runSuites(TestNG.java:1112)
at org.testng.TestNG.run(TestNG.java:1079)
at org.testng.remote.AbstractRemoteTestNG.run(AbstractRemoteTestNG.java:115)
at org.testng.remote.RemoteTestNG.initAndRun(RemoteTestNG.java:293)
at org.testng.remote.RemoteTestNG.main(RemoteTestNG.java:91)
]]>
            </full-stacktrace>
          </exception> <!-- java.lang.NullPointerException -->
          <reporter-output>
          </reporter-output>
        </test-method> <!-- register -->
        <test-method is-config="true" signature="AfterMethod1()[pri:0, instance:testNG.RegAndLogin@7dcf94f8]" started-at="2025-12-13T10:23:02 IST" name="AfterMethod1" finished-at="2025-12-13T10:23:02 IST" duration-ms="1" status="PASS">
          <reporter-output>
            <line>
              <![CDATA[Logout 1]]>
            </line>
          </reporter-output>
        </test-method> <!-- AfterMethod1 -->
        <test-method is-config="true" signature="BeforeMethod1()[pri:0, instance:testNG.RegAndLogin@7dcf94f8]" started-at="2025-12-13T10:23:02 IST" name="BeforeMethod1" finished-at="2025-12-13T10:23:02 IST" duration-ms="2" status="PASS">
          <reporter-output>
            <line>
              <![CDATA[Login 1]]>
            </line>
          </reporter-output>
        </test-method> <!-- BeforeMethod1 -->
        <test-method signature="search()[pri:0, instance:testNG.RegAndLogin@7dcf94f8]" started-at="2025-12-13T10:23:02 IST" name="search" finished-at="2025-12-13T10:23:02 IST" duration-ms="1" status="FAIL">
          <exception class="java.lang.NullPointerException">
            <message>
              <![CDATA[Cannot invoke "org.openqa.selenium.WebDriver.findElement(org.openqa.selenium.By)" because "this.driver" is null]]>
            </message>
            <full-stacktrace>
              <![CDATA[java.lang.NullPointerException: Cannot invoke "org.openqa.selenium.WebDriver.findElement(org.openqa.selenium.By)" because "this.driver" is null
at testNG.RegAndLogin.search(RegAndLogin.java:51)
at java.base/jdk.internal.reflect.DirectMethodHandleAccessor.invoke(DirectMethodHandleAccessor.java:103)
at java.base/java.lang.reflect.Method.invoke(Method.java:580)
at org.testng.internal.invokers.MethodInvocationHelper.invokeMethod(MethodInvocationHelper.java:141)
at org.testng.internal.invokers.TestInvoker.invokeMethod(TestInvoker.java:687)
at org.testng.internal.invokers.TestInvoker.invokeTestMethod(TestInvoker.java:230)
at org.testng.internal.invokers.MethodRunner.runInSequence(MethodRunner.java:63)
at org.testng.internal.invokers.TestInvoker$MethodInvocationAgent.invoke(TestInvoker.java:995)
at org.testng.internal.invokers.TestInvoker.invokeTestMethods(TestInvoker.java:203)
at org.testng.internal.invokers.TestMethodWorker.invokeTestMethods(TestMethodWorker.java:154)
at org.testng.internal.invokers.TestMethodWorker.run(TestMethodWorker.java:134)
at java.base/java.util.ArrayList.forEach(ArrayList.java:1596)
at org.testng.TestRunner.privateRun(TestRunner.java:741)
at org.testng.TestRunner.run(TestRunner.java:616)
at org.testng.SuiteRunner.runTest(SuiteRunner.java:421)
at org.testng.SuiteRunner.runSequentially(SuiteRunner.java:413)
at org.testng.SuiteRunner.privateRun(SuiteRunner.java:373)
at org.testng.SuiteRunner.run(SuiteRunner.java:312)
at org.testng.SuiteRunnerWorker.runSuite(SuiteRunnerWorker.java:52)
at org.testng.SuiteRunnerWorker.run(SuiteRunnerWorker.java:95)
at org.testng.TestNG.runSuitesSequentially(TestNG.java:1274)
at org.testng.TestNG.runSuitesLocally(TestNG.java:1208)
at org.testng.TestNG.runSuites(TestNG.java:1112)
at org.testng.TestNG.run(TestNG.java:1079)
at org.testng.remote.AbstractRemoteTestNG.run(AbstractRemoteTestNG.java:115)
at org.testng.remote.RemoteTestNG.initAndRun(RemoteTestNG.java:293)
at org.testng.remote.RemoteTestNG.main(RemoteTestNG.java:91)
]]>
            </full-stacktrace>
          </exception> <!-- java.lang.NullPointerException -->
          <reporter-output>
          </reporter-output>
        </test-method> <!-- search -->
        <test-method is-config="true" signature="AfterMethod1()[pri:0, instance:testNG.RegAndLogin@7dcf94f8]" started-at="2025-12-13T10:23:02 IST" name="AfterMethod1" finished-at="2025-12-13T10:23:02 IST" duration-ms="0" status="PASS">
          <reporter-output>
            <line>
              <![CDATA[Logout 1]]>
            </line>
          </reporter-output>
        </test-method> <!-- AfterMethod1 -->
        <test-method is-config="true" signature="AfterClass1()[pri:0, instance:testNG.RegAndLogin@7dcf94f8]" started-at="2025-12-13T10:23:02 IST" name="AfterClass1" finished-at="2025-12-13T10:23:02 IST" duration-ms="122" status="PASS">
          <reporter-output>
          </reporter-output>
        </test-method> <!-- AfterClass1 -->
        <test-method is-config="true" signature="AfterSuite1()[pri:0, instance:testNG.RegAndLogin@7dcf94f8]" started-at="2025-12-13T10:23:02 IST" name="AfterSuite1" finished-at="2025-12-13T10:23:02 IST" duration-ms="0" status="PASS">
          <reporter-output>
            <line>
              <![CDATA[close connectivity of DataBase 1]]>
            </line>
          </reporter-output>
        </test-method> <!-- AfterSuite1 -->
      </class> <!-- testNG.RegAndLogin -->
    </test> <!-- TestReg -->
  </suite> <!-- SuiteReg -->
</testng-results>
