<?xml version="1.0" encoding="UTF-8"?>
<!-- Generated by org.testng.reporters.JUnitReportReporter -->
<testsuite hostname="LAPTOP-PBI5LLFB" failures="0" tests="3" name="testNG.DependsONmethod2" time="0.006" errors="0" timestamp="2025-12-11T09:54:51 IST" skipped="0">
  <testcase classname="testNG.DependsONmethod2" name="hdfceditAccount" time="0.002"/>
  <testcase classname="testNG.DependsONmethod2" name="hdfcdeleteAccount" time="0.003"/>
  <testcase classname="testNG.DependsONmethod2" name="hdfcAcc" time="0.001"/>
</testsuite> <!-- testNG.DependsONmethod2 -->
