<?xml version="1.0" encoding="UTF-8"?>
<!-- Generated by org.testng.reporters.JUnitReportReporter -->
<testsuite hostname="LAPTOP-PBI5LLFB" failures="0" tests="3" name="testNG.ConfigurationAnnotation" time="0.015" errors="0" timestamp="2025-12-13T10:13:52 IST" skipped="0">
  <testcase classname="testNG.ConfigurationAnnotation" name="Test1" time="0.010">
    <system-out>
      <![CDATA[Register Process Completed 1]]>
    </system-out>
  </testcase> <!-- Test1 -->
  <testcase classname="testNG.ConfigurationAnnotation" name="Test3" time="0.004">
    <system-out>
      <![CDATA[Register Process Completed 3]]>
    </system-out>
  </testcase> <!-- Test3 -->
  <testcase classname="testNG.ConfigurationAnnotation" name="Test2" time="0.001">
    <system-out>
      <![CDATA[Register Process Completed 2]]>
    </system-out>
  </testcase> <!-- Test2 -->
  <system-out>
    <![CDATA[Connecting to DataBase 1
Launch the Browser1
Login 1
Register Process Completed 1
Logout 1
Login 1
Register Process Completed 2
Logout 1
Login 1
Register Process Completed 3
Logout 1
Close the Browser1
close connectivity of DataBase 1]]>
  </system-out>
</testsuite> <!-- testNG.ConfigurationAnnotation -->
