<?xml version="1.0" encoding="UTF-8"?>
<!-- Generated by org.testng.reporters.JUnitReportReporter -->
<testsuite hostname="LAPTOP-PBI5LLFB" failures="0" tests="3" name="testNG.DependsONMeethod" time="0.009" errors="0" timestamp="2025-12-11T09:54:51 IST" skipped="0">
  <testcase classname="testNG.DependsONMeethod" name="deleteAccount" time="0.001"/>
  <testcase classname="testNG.DependsONMeethod" name="editAccount" time="0.001"/>
  <testcase classname="testNG.DependsONMeethod" name="createAccount" time="0.007"/>
</testsuite> <!-- testNG.DependsONMeethod -->
