<?xml version="1.0" encoding="UTF-8"?>
<!-- Generated by org.testng.reporters.JUnitReportReporter -->
<testsuite hostname="LAPTOP-PBI5LLFB" failures="0" tests="5" name="testNG.M12" time="0.029" errors="0" timestamp="2025-12-10T10:16:08 IST" skipped="0">
  <testcase classname="testNG.M12" name="m4" time="0.019">
    <system-out>
      <![CDATA[Execution of Eat]]>
    </system-out>
  </testcase> <!-- m4 -->
  <testcase classname="testNG.M12" name="m5" time="0.004">
    <system-out>
      <![CDATA[Execution of Play]]>
    </system-out>
  </testcase> <!-- m5 -->
  <testcase classname="testNG.M12" name="m3" time="0.001">
    <system-out>
      <![CDATA[Execution of Sleep]]>
    </system-out>
  </testcase> <!-- m3 -->
  <testcase classname="testNG.M12" name="m2" time="0.002">
    <system-out>
      <![CDATA[Execution of Run]]>
    </system-out>
  </testcase> <!-- m2 -->
  <testcase classname="testNG.M12" name="m1" time="0.003">
    <system-out>
      <![CDATA[Execution of Walk Method]]>
    </system-out>
  </testcase> <!-- m1 -->
  <system-out>
    <![CDATA[Execution of Eat
Execution of Play
Execution of Sleep
Execution of Run
Execution of Walk Method]]>
  </system-out>
</testsuite> <!-- testNG.M12 -->
