<?xml version="1.0" encoding="UTF-8"?>
<!-- Generated by org.testng.reporters.JUnitXMLReporter -->
<testsuite ignored="0" hostname="LAPTOP-PBI5LLFB" failures="0" tests="3" name="Test3" time="0.116" errors="0" timestamp="2025-12-12T10:19:33 IST">
  <testcase classname="testNG.ConfigurationAnnotation" name="Test1" time="0.013"/>
  <testcase classname="testNG.ConfigurationAnnotation" name="Test2" time="0.003"/>
  <testcase classname="testNG.ConfigurationAnnotation" name="Test3" time="0.003"/>
</testsuite> <!-- Test3 -->
